<?xml version="1.0" encoding="UTF-8"?>
<testng-results ignored="0" total="2" passed="2" failed="0" skipped="0">
  <reporter-output>
  </reporter-output>
  <suite started-at="2023-05-22T21:55:00 EDT" name="Default suite" finished-at="2023-05-22T21:55:01 EDT" duration-ms="1752">
    <groups>
    </groups>
    <test started-at="2023-05-22T21:55:00 EDT" name="Default test" finished-at="2023-05-22T21:55:01 EDT" duration-ms="1752">
      <class name="com.api.test.TestClass">
        <test-method is-config="true" signature="ReportSetup()[pri:0, instance:com.api.test.TestClass@c730b35]" started-at="2023-05-22T21:55:00 EDT" name="ReportSetup" finished-at="2023-05-22T21:55:00 EDT" duration-ms="190" status="PASS">
          <reporter-output>
          </reporter-output>
        </test-method> <!-- ReportSetup -->
        <test-method signature="ListUsers()[pri:0, instance:com.api.test.TestClass@c730b35]" started-at="2023-05-22T21:55:00 EDT" name="ListUsers" finished-at="2023-05-22T21:55:01 EDT" duration-ms="1278" status="PASS">
          <reporter-output>
          </reporter-output>
        </test-method> <!-- ListUsers -->
        <test-method is-config="true" signature="getReport(org.testng.ITestResult)[pri:0, instance:com.api.test.TestClass@c730b35]" started-at="2023-05-22T21:55:01 EDT" name="getReport" finished-at="2023-05-22T21:55:01 EDT" duration-ms="1" status="PASS">
          <params>
            <param index="0">
              <value>
                <![CDATA[[TestResult name=ListUsers status=SUCCESS method=TestClass.ListUsers()[pri:0, instance:com.api.test.TestClass@c730b35] output={null}]]]>
              </value>
            </param>
          </params>
          <reporter-output>
          </reporter-output>
        </test-method> <!-- getReport -->
        <test-method signature="SingleUser()[pri:0, instance:com.api.test.TestClass@c730b35]" started-at="2023-05-22T21:55:01 EDT" name="SingleUser" finished-at="2023-05-22T21:55:01 EDT" duration-ms="118" status="PASS">
          <reporter-output>
          </reporter-output>
        </test-method> <!-- SingleUser -->
        <test-method is-config="true" signature="getReport(org.testng.ITestResult)[pri:0, instance:com.api.test.TestClass@c730b35]" started-at="2023-05-22T21:55:01 EDT" name="getReport" finished-at="2023-05-22T21:55:01 EDT" duration-ms="1" status="PASS">
          <params>
            <param index="0">
              <value>
                <![CDATA[[TestResult name=SingleUser status=SUCCESS method=TestClass.SingleUser()[pri:0, instance:com.api.test.TestClass@c730b35] output={null}]]]>
              </value>
            </param>
          </params>
          <reporter-output>
          </reporter-output>
        </test-method> <!-- getReport -->
        <test-method is-config="true" signature="endTest()[pri:0, instance:com.api.test.TestClass@c730b35]" started-at="2023-05-22T21:55:01 EDT" name="endTest" finished-at="2023-05-22T21:55:01 EDT" duration-ms="130" status="PASS">
          <reporter-output>
          </reporter-output>
        </test-method> <!-- endTest -->
        <test-method is-config="true" signature="closeReport()[pri:0, instance:com.api.test.TestClass@c730b35]" started-at="2023-05-22T21:55:01 EDT" name="closeReport" finished-at="2023-05-22T21:55:01 EDT" duration-ms="1" status="PASS">
          <reporter-output>
          </reporter-output>
        </test-method> <!-- closeReport -->
      </class> <!-- com.api.test.TestClass -->
    </test> <!-- Default test -->
  </suite> <!-- Default suite -->
</testng-results>
